./tests/test_cards.c: In function 'test_large_slime_played_callback':
./tests/test_cards.c:24:25: error: 'CARDS' undeclared (first use in this function); did you mean 'CARDS_H'?
   24 |     Card* large_slime = CARDS[0];
      |                         ^~~~~
      |                         CARDS_H
./tests/test_cards.c:24:25: note: each undeclared identifier is reported only once for each function it appears in
./tests/test_cards.c: In function 'test_harmless_bat_effect_activated_callback':
./tests/test_cards.c:37:26: error: 'CARDS' undeclared (first use in this function); did you mean 'CARDS_H'?
   37 |     Card* harmless_bat = CARDS[1];
      |                          ^~~~~
      |                          CARDS_H
./tests/test_cards.c: In function 'test_copy_card':
./tests/test_cards.c:53:26: error: 'CARDS' undeclared (first use in this function); did you mean 'CARDS_H'?
   53 |     Card* harmless_bat = CARDS[1];
      |                          ^~~~~
      |                          CARDS_H
-----------------------------------------
Compilation failed for ./tests/test_cards.c
-----------------------------------------
